2025-01-19 15:06:29,864 - INFO - Invalid PID entered.
2025-01-19 15:12:18,760 - INFO - Started monitoring task 26228.
2025-01-19 15:12:18,761 - INFO - Started monitoring task 26228.
2025-01-19 15:12:21,888 - INFO - Executing command: calc
2025-01-19 15:12:22,495 - INFO - Command executed successfully: calc
2025-01-19 15:12:22,496 - INFO - Task 26228 completed. Executed command: calc
2025-01-19 15:14:23,924 - INFO - Started monitoring task 9376.
2025-01-19 15:14:23,925 - INFO - Started monitoring task 9376.
2025-01-19 15:14:23,968 - INFO - Task 9376 is already being monitored.
2025-01-19 15:14:32,904 - INFO - Executing command: echo "Task Completed!"
2025-01-19 15:14:32,918 - INFO - Command executed successfully: echo "Task Completed!"
2025-01-19 15:14:32,919 - INFO - Task 9376 completed. Executed command: echo "Task Completed!"
2025-01-19 22:32:08,926 - INFO - CUI mode: Monitoring PID 15720 and executing 'echo hello' on completion.
2025-01-19 22:32:08,927 - INFO - Started monitoring task 15720.
2025-01-19 22:32:08,927 - INFO - Started monitoring PID 15720. Waiting for it to complete...
2025-02-01 15:49:25,630 - INFO - Invalid PID entered.
2025-02-01 15:49:35,200 - INFO - Task 32132 does not exist or has already terminated.
2025-02-01 15:49:35,200 - INFO - Started monitoring task 32132.
2025-02-01 15:49:35,200 - INFO - Started monitoring task 32132.
2025-02-01 15:49:36,933 - INFO - Task 32132 does not exist or has already terminated.
2025-02-01 15:49:36,933 - INFO - Started monitoring task 32132.
2025-02-01 15:49:36,933 - INFO - Started monitoring task 32132.
2025-02-01 17:10:36,050 - INFO - Invalid PID entered.
2025-02-01 17:10:47,125 - INFO - Task 1111 does not exist or has already terminated.
2025-02-01 17:10:47,125 - INFO - Started monitoring task 1111.
2025-02-01 17:10:47,125 - INFO - Started monitoring task 1111.
2025-02-01 17:11:10,630 - INFO - Started monitoring task 21304.
2025-02-01 17:11:10,631 - INFO - Started monitoring task 21304.
2025-02-01 17:11:13,830 - INFO - Executing command: python.exe test.py
2025-02-01 17:11:23,114 - INFO - Command executed successfully: python.exe test.py
2025-02-01 17:11:23,119 - INFO - Task 21304 completed. Executed command: python.exe test.py
2025-02-01 17:39:41,140 - INFO - Started monitoring task 21096.
2025-02-01 17:39:41,141 - INFO - Started monitoring task 21096.
2025-02-01 17:39:44,526 - INFO - Executing command: python.exe test.py
2025-02-01 17:39:44,536 - INFO - Process started with PID: 22048
2025-02-01 17:39:49,125 - INFO - Command executed successfully: python.exe test.py
2025-02-01 17:39:49,129 - INFO - Task 21096 completed. Executed command: python.exe test.py
2025-02-01 18:33:27,769 - INFO - Started monitoring task 16704.
2025-02-01 18:33:27,770 - INFO - Started monitoring task 16704.
2025-02-01 18:33:30,054 - INFO - Executing command: python.exe test.py
2025-02-01 18:33:30,066 - INFO - Process started with PID: 21160
2025-02-01 18:33:34,621 - INFO - Command executed successfully: python.exe test.py
2025-02-01 18:33:34,627 - INFO - Task 16704 completed. Executed command: python.exe test.py
